<?xml version="1.0" encoding="UTF-8"?>
<!-- Generated by org.testng.reporters.JUnitXMLReporter -->
<testsuite ignored="0" hostname="krtech" failures="0" tests="3" name="Test" time="85.538" errors="0" timestamp="09 Feb 2019 15:24:10 GMT">
  <testcase classname="test.TestParallalExecution" name="TestCase1" time="33.582"/>
  <testcase classname="test.TestParallalExecution" name="TestCase3" time="77.001"/>
  <testcase classname="test.TestParallalExecution" name="TestCase2" time="85.501"/>
</testsuite> <!-- Test -->
