<?xml version="1.0" encoding="UTF-8"?>
<testng-results skipped="0" failed="0" ignored="0" total="2" passed="2">
  <reporter-output>
  </reporter-output>
  <suite name="Default suite" duration-ms="19002" started-at="2019-02-17T12:57:41Z" finished-at="2019-02-17T12:58:00Z">
    <groups>
    </groups>
    <test name="Default test" duration-ms="19002" started-at="2019-02-17T12:57:41Z" finished-at="2019-02-17T12:58:00Z">
      <class name="grid.GridTest">
        <test-method status="PASS" signature="TestCase1()[pri:0, instance:grid.GridTest@5e3a8624]" name="TestCase1" duration-ms="10601" started-at="2019-02-17T12:57:42Z" finished-at="2019-02-17T12:57:52Z">
          <reporter-output>
          </reporter-output>
        </test-method> <!-- TestCase1 -->
        <test-method status="PASS" signature="TestCase2()[pri:0, instance:grid.GridTest@5e3a8624]" name="TestCase2" duration-ms="8347" started-at="2019-02-17T12:57:52Z" finished-at="2019-02-17T12:58:00Z">
          <reporter-output>
          </reporter-output>
        </test-method> <!-- TestCase2 -->
      </class> <!-- grid.GridTest -->
    </test> <!-- Default test -->
  </suite> <!-- Default suite -->
</testng-results>
