<?xml version="1.0" encoding="UTF-8"?>
<!-- Generated by org.testng.reporters.JUnitXMLReporter -->
<testsuite ignored="0" hostname="krtech" failures="0" tests="0" name="Test" time="0.122" errors="0" timestamp="13 Feb 2019 09:08:02 GMT">
  <testcase classname="cucumber.api.testng.AbstractTestNGCucumberTests" name="@BeforeClass setUpClass" time="0.08">
    <failure type="java.lang.NoSuchMethodError" message="cucumber.runtime.RuntimeOptions.getPluginFormatterNames()Ljava/util/List;">
      <![CDATA[java.lang.NoSuchMethodError: cucumber.runtime.RuntimeOptions.getPluginFormatterNames()Ljava/util/List;
at cucumber.runtime.formatter.Plugins.createPlugins(Plugins.java:64)
at cucumber.runtime.formatter.Plugins.<init>(Plugins.java:37)
at cucumber.api.testng.TestNGCucumberRunner.<init>(TestNGCucumberRunner.java:56)
at cucumber.api.testng.AbstractTestNGCucumberTests.setUpClass(AbstractTestNGCucumberTests.java:16)
at java.base/java.util.concurrent.FutureTask.run(FutureTask.java:264)
at java.base/java.util.concurrent.ThreadPoolExecutor.runWorker(ThreadPoolExecutor.java:1167)
at java.base/java.util.concurrent.ThreadPoolExecutor$Worker.run(ThreadPoolExecutor.java:641)
at java.base/java.lang.Thread.run(Thread.java:844)
... Removed 17 stack frames]]>
    </failure>
  </testcase> <!-- @BeforeClass setUpClass -->
</testsuite> <!-- Test -->
